#! /usr/local/Cellar/icarus-verilog/11.0/bin/vvp
:ivl_version "11.0 (stable)";
:ivl_delay_selection "TYPICAL";
:vpi_time_precision + 0;
:vpi_module "/usr/local/Cellar/icarus-verilog/11.0/lib/ivl/system.vpi";
:vpi_module "/usr/local/Cellar/icarus-verilog/11.0/lib/ivl/vhdl_sys.vpi";
:vpi_module "/usr/local/Cellar/icarus-verilog/11.0/lib/ivl/vhdl_textio.vpi";
:vpi_module "/usr/local/Cellar/icarus-verilog/11.0/lib/ivl/v2005_math.vpi";
:vpi_module "/usr/local/Cellar/icarus-verilog/11.0/lib/ivl/va_math.vpi";
S_0x7ffa3840ae10 .scope module, "tb" "tb" 2 1;
 .timescale 0 0;
v0x7ffa38422790_0 .var "a", 0 0;
v0x7ffa38422860_0 .var "b", 0 0;
v0x7ffa384228f0_0 .var "clk", 0 0;
v0x7ffa384229c0_0 .net "inv", 0 0, L_0x7ffa38422b40;  1 drivers
v0x7ffa38422a70_0 .var "reset", 0 0;
S_0x7ffa3840a470 .scope module, "_dut" "dut" 2 10, 3 1 0, S_0x7ffa3840ae10;
 .timescale 0 0;
    .port_info 0 /INPUT 1 "clk";
    .port_info 1 /INPUT 1 "reset";
    .port_info 2 /INPUT 1 "a";
    .port_info 3 /INPUT 1 "b";
v0x7ffa3840bd90_0 .net "a", 0 0, v0x7ffa38422790_0;  1 drivers
v0x7ffa38421a80_0 .net "b", 0 0, v0x7ffa38422860_0;  1 drivers
v0x7ffa38421b20_0 .net "clk", 0 0, v0x7ffa384228f0_0;  1 drivers
v0x7ffa38421bd0_0 .var "counter", 2 0;
v0x7ffa38421c80_0 .var "counter16", 15 0;
v0x7ffa38421d70_0 .var "counter16_2", 15 0;
v0x7ffa38421e20_0 .var "q", 0 0;
v0x7ffa38421ec0_0 .net "reset", 0 0, v0x7ffa38422a70_0;  1 drivers
v0x7ffa38421f60_0 .var "sr", 3 0;
E_0x7ffa38411e00 .event posedge, v0x7ffa38421b20_0;
S_0x7ffa384220d0 .scope module, "_dut2" "dut2" 2 17, 4 1 0, S_0x7ffa3840ae10;
 .timescale 0 0;
    .port_info 0 /INPUT 1 "a";
    .port_info 1 /OUTPUT 1 "b";
L_0x7ffa38422b40 .functor NOT 1, v0x7ffa38422790_0, C4<0>, C4<0>, C4<0>;
v0x7ffa38422290_0 .net "a", 0 0, v0x7ffa38422790_0;  alias, 1 drivers
v0x7ffa38422340_0 .net "b", 0 0, L_0x7ffa38422b40;  alias, 1 drivers
S_0x7ffa384223f0 .scope task, "greset" "greset" 2 19, 2 19 0, S_0x7ffa3840ae10;
 .timescale 0 0;
TD_tb.greset ;
    %pushi/vec4 0, 0, 1;
    %store/vec4 v0x7ffa384228f0_0, 0, 1;
    %delay 0, 0;
    %pushi/vec4 1, 0, 1;
    %store/vec4 v0x7ffa38422a70_0, 0, 1;
    %delay 2, 0;
    %pushi/vec4 0, 0, 1;
    %store/vec4 v0x7ffa38422a70_0, 0, 1;
    %delay 0, 0;
    %end;
S_0x7ffa384225d0 .scope task, "stim" "stim" 2 27, 2 27 0, S_0x7ffa3840ae10;
 .timescale 0 0;
TD_tb.stim ;
    %pushi/vec4 1, 0, 1;
    %store/vec4 v0x7ffa38422790_0, 0, 1;
    %delay 5, 0;
    %pushi/vec4 0, 0, 1;
    %store/vec4 v0x7ffa38422790_0, 0, 1;
    %delay 5, 0;
    %end;
    .scope S_0x7ffa3840a470;
T_2 ;
    %wait E_0x7ffa38411e00;
    %load/vec4 v0x7ffa38421ec0_0;
    %flag_set/vec4 8;
    %jmp/0xz  T_2.0, 8;
    %pushi/vec4 0, 0, 1;
    %assign/vec4 v0x7ffa38421e20_0, 0;
    %pushi/vec4 0, 0, 3;
    %assign/vec4 v0x7ffa38421bd0_0, 0;
    %pushi/vec4 0, 0, 16;
    %assign/vec4 v0x7ffa38421c80_0, 0;
    %pushi/vec4 0, 0, 16;
    %assign/vec4 v0x7ffa38421d70_0, 0;
    %pushi/vec4 0, 0, 4;
    %assign/vec4 v0x7ffa38421f60_0, 0;
    %jmp T_2.1;
T_2.0 ;
    %load/vec4 v0x7ffa3840bd90_0;
    %assign/vec4 v0x7ffa38421e20_0, 0;
    %load/vec4 v0x7ffa38421bd0_0;
    %addi 1, 0, 3;
    %assign/vec4 v0x7ffa38421bd0_0, 0;
    %load/vec4 v0x7ffa38421c80_0;
    %addi 1, 0, 16;
    %assign/vec4 v0x7ffa38421c80_0, 0;
    %load/vec4 v0x7ffa38421d70_0;
    %addi 1, 0, 16;
    %assign/vec4 v0x7ffa38421d70_0, 0;
    %load/vec4 v0x7ffa38421f60_0;
    %parti/s 3, 0, 2;
    %load/vec4 v0x7ffa3840bd90_0;
    %concat/vec4; draw_concat_vec4
    %assign/vec4 v0x7ffa38421f60_0, 0;
T_2.1 ;
    %jmp T_2;
    .thread T_2;
    .scope S_0x7ffa3840ae10;
T_3 ;
    %fork TD_tb.greset, S_0x7ffa384223f0;
    %join;
    %fork TD_tb.stim, S_0x7ffa384225d0;
    %join;
    %delay 20, 0;
    %vpi_call 2 40 "$finish" {0 0 0};
    %end;
    .thread T_3;
    .scope S_0x7ffa3840ae10;
T_4 ;
    %delay 1, 0;
    %load/vec4 v0x7ffa384228f0_0;
    %inv;
    %store/vec4 v0x7ffa384228f0_0, 0, 1;
    %jmp T_4;
    .thread T_4;
    .scope S_0x7ffa3840ae10;
T_5 ;
    %vpi_call 2 47 "$dumpfile", "out.vcd" {0 0 0};
    %vpi_call 2 48 "$dumpvars" {0 0 0};
    %end;
    .thread T_5;
# The file index is used to find the file name in the following table.
:file_names 5;
    "N/A";
    "<interactive>";
    "tb.v";
    "dut.v";
    "dut2.v";
